<?xml version="1.0" encoding="UTF-8"?>
<!-- Generated by org.testng.reporters.JUnitReportReporter -->
<testsuite skipped="0" hostname="GGN000190162001" name="TestCase.RedBusTestCase" tests="1" failures="0" timestamp="15 Dec 2019 04:53:55 GMT" time="0.009" errors="0">
  <testcase name="searchRedBus" time="0.009" classname="TestCase.RedBusTestCase"/>
</testsuite> <!-- TestCase.RedBusTestCase -->
